<?xml version="1.0" encoding="UTF-8"?>
<testsuite xmlns:xsi="http://www.w3.org/2001/XMLSchema-instance" xsi:noNamespaceSchemaLocation="https://maven.apache.org/surefire/maven-surefire-plugin/xsd/surefire-test-report-3.0.xsd" version="3.0" name="com.fraud_detection.flink.AppTest" time="0.026" tests="1" errors="0" skipped="0" failures="0">
  <properties>
    <property name="java.specification.version" value="17"/>
    <property name="sun.cpu.isalist" value="amd64"/>
    <property name="sun.jnu.encoding" value="Cp1252"/>
    <property name="java.class.path" value="D:\fiqih-cobs\work\main\hacketon-fraud\transaction_streaming_flink\target\test-classes;D:\fiqih-cobs\work\main\hacketon-fraud\transaction_streaming_flink\target\classes;C:\Users\23020237\.m2\repository\junit\junit\3.8.1\junit-3.8.1.jar;C:\Users\23020237\.m2\repository\org\apache\flink\flink-streaming-java\1.19.0\flink-streaming-java-1.19.0.jar;C:\Users\23020237\.m2\repository\org\apache\flink\flink-core\1.19.0\flink-core-1.19.0.jar;C:\Users\23020237\.m2\repository\org\apache\flink\flink-annotations\1.19.0\flink-annotations-1.19.0.jar;C:\Users\23020237\.m2\repository\org\apache\flink\flink-metrics-core\1.19.0\flink-metrics-core-1.19.0.jar;C:\Users\23020237\.m2\repository\org\apache\flink\flink-shaded-asm-9\9.5-17.0\flink-shaded-asm-9-9.5-17.0.jar;C:\Users\23020237\.m2\repository\org\apache\flink\flink-shaded-jackson\2.14.2-17.0\flink-shaded-jackson-2.14.2-17.0.jar;C:\Users\23020237\.m2\repository\org\apache\commons\commons-lang3\3.12.0\commons-lang3-3.12.0.jar;C:\Users\23020237\.m2\repository\org\snakeyaml\snakeyaml-engine\2.6\snakeyaml-engine-2.6.jar;C:\Users\23020237\.m2\repository\org\apache\commons\commons-text\1.10.0\commons-text-1.10.0.jar;C:\Users\23020237\.m2\repository\com\esotericsoftware\kryo\kryo\2.24.0\kryo-2.24.0.jar;C:\Users\23020237\.m2\repository\com\esotericsoftware\minlog\minlog\1.2\minlog-1.2.jar;C:\Users\23020237\.m2\repository\org\objenesis\objenesis\2.1\objenesis-2.1.jar;C:\Users\23020237\.m2\repository\commons-collections\commons-collections\3.2.2\commons-collections-3.2.2.jar;C:\Users\23020237\.m2\repository\org\apache\commons\commons-compress\1.24.0\commons-compress-1.24.0.jar;C:\Users\23020237\.m2\repository\org\apache\flink\flink-file-sink-common\1.19.0\flink-file-sink-common-1.19.0.jar;C:\Users\23020237\.m2\repository\org\apache\flink\flink-runtime\1.19.0\flink-runtime-1.19.0.jar;C:\Users\23020237\.m2\repository\org\apache\flink\flink-rpc-core\1.19.0\flink-rpc-core-1.19.0.jar;C:\Users\23020237\.m2\repository\org\apache\flink\flink-rpc-akka-loader\1.19.0\flink-rpc-akka-loader-1.19.0.jar;C:\Users\23020237\.m2\repository\org\apache\flink\flink-queryable-state-client-java\1.19.0\flink-queryable-state-client-java-1.19.0.jar;C:\Users\23020237\.m2\repository\org\apache\flink\flink-hadoop-fs\1.19.0\flink-hadoop-fs-1.19.0.jar;C:\Users\23020237\.m2\repository\commons-io\commons-io\2.11.0\commons-io-2.11.0.jar;C:\Users\23020237\.m2\repository\org\apache\flink\flink-shaded-netty\4.1.91.Final-17.0\flink-shaded-netty-4.1.91.Final-17.0.jar;C:\Users\23020237\.m2\repository\org\apache\flink\flink-shaded-zookeeper-3\3.7.1-17.0\flink-shaded-zookeeper-3-3.7.1-17.0.jar;C:\Users\23020237\.m2\repository\commons-cli\commons-cli\1.5.0\commons-cli-1.5.0.jar;C:\Users\23020237\.m2\repository\org\javassist\javassist\3.24.0-GA\javassist-3.24.0-GA.jar;C:\Users\23020237\.m2\repository\org\xerial\snappy\snappy-java\1.1.10.4\snappy-java-1.1.10.4.jar;C:\Users\23020237\.m2\repository\tools\profiler\async-profiler\2.9\async-profiler-2.9.jar;C:\Users\23020237\.m2\repository\org\lz4\lz4-java\1.8.0\lz4-java-1.8.0.jar;C:\Users\23020237\.m2\repository\org\apache\flink\flink-java\1.19.0\flink-java-1.19.0.jar;C:\Users\23020237\.m2\repository\com\twitter\chill-java\0.7.6\chill-java-0.7.6.jar;C:\Users\23020237\.m2\repository\org\apache\flink\flink-shaded-guava\31.1-jre-17.0\flink-shaded-guava-31.1-jre-17.0.jar;C:\Users\23020237\.m2\repository\org\apache\commons\commons-math3\3.6.1\commons-math3-3.6.1.jar;C:\Users\23020237\.m2\repository\org\apache\flink\flink-connector-datagen\1.19.0\flink-connector-datagen-1.19.0.jar;C:\Users\23020237\.m2\repository\com\google\code\findbugs\jsr305\1.3.9\jsr305-1.3.9.jar;C:\Users\23020237\.m2\repository\org\apache\flink\flink-connector-kafka\3.3.0-1.20\flink-connector-kafka-3.3.0-1.20.jar;C:\Users\23020237\.m2\repository\org\apache\kafka\kafka-clients\3.4.0\kafka-clients-3.4.0.jar;C:\Users\23020237\.m2\repository\com\github\luben\zstd-jni\1.5.2-1\zstd-jni-1.5.2-1.jar;C:\Users\23020237\.m2\repository\com\google\guava\guava\32.1.2-jre\guava-32.1.2-jre.jar;C:\Users\23020237\.m2\repository\com\google\guava\failureaccess\1.0.1\failureaccess-1.0.1.jar;C:\Users\23020237\.m2\repository\com\google\guava\listenablefuture\9999.0-empty-to-avoid-conflict-with-guava\listenablefuture-9999.0-empty-to-avoid-conflict-with-guava.jar;C:\Users\23020237\.m2\repository\org\checkerframework\checker-qual\3.33.0\checker-qual-3.33.0.jar;C:\Users\23020237\.m2\repository\com\google\errorprone\error_prone_annotations\2.18.0\error_prone_annotations-2.18.0.jar;C:\Users\23020237\.m2\repository\com\google\j2objc\j2objc-annotations\2.8\j2objc-annotations-2.8.jar;C:\Users\23020237\.m2\repository\com\fasterxml\jackson\core\jackson-core\2.15.2\jackson-core-2.15.2.jar;C:\Users\23020237\.m2\repository\com\fasterxml\jackson\datatype\jackson-datatype-jsr310\2.15.2\jackson-datatype-jsr310-2.15.2.jar;C:\Users\23020237\.m2\repository\com\fasterxml\jackson\datatype\jackson-datatype-jdk8\2.15.2\jackson-datatype-jdk8-2.15.2.jar;C:\Users\23020237\.m2\repository\com\fasterxml\jackson\core\jackson-databind\2.15.0\jackson-databind-2.15.0.jar;C:\Users\23020237\.m2\repository\com\fasterxml\jackson\core\jackson-annotations\2.15.0\jackson-annotations-2.15.0.jar;C:\Users\23020237\.m2\repository\org\projectlombok\lombok\1.18.28\lombok-1.18.28.jar;C:\Users\23020237\.m2\repository\org\slf4j\slf4j-api\2.0.7\slf4j-api-2.0.7.jar;C:\Users\23020237\.m2\repository\ch\qos\logback\logback-classic\1.4.11\logback-classic-1.4.11.jar;C:\Users\23020237\.m2\repository\ch\qos\logback\logback-core\1.4.11\logback-core-1.4.11.jar;"/>
    <property name="java.vm.vendor" value="Oracle Corporation"/>
    <property name="sun.arch.data.model" value="64"/>
    <property name="user.variant" value=""/>
    <property name="java.vendor.url" value="https://java.oracle.com/"/>
    <property name="user.timezone" value="Asia/Jakarta"/>
    <property name="os.name" value="Windows 11"/>
    <property name="java.vm.specification.version" value="17"/>
    <property name="sun.java.launcher" value="SUN_STANDARD"/>
    <property name="user.country" value="ID"/>
    <property name="sun.boot.library.path" value="C:\Program Files\Java\jdk-17\bin"/>
    <property name="sun.java.command" value="C:\Users\23020237\AppData\Local\Temp\surefire4583772566840138904\surefirebooter-20250706123753812_3.jar C:\Users\23020237\AppData\Local\Temp\surefire4583772566840138904 2025-07-06T12-37-53_331-jvmRun1 surefire-20250706123753812_1tmp surefire_0-20250706123753812_2tmp"/>
    <property name="jdk.debug" value="release"/>
    <property name="surefire.test.class.path" value="D:\fiqih-cobs\work\main\hacketon-fraud\transaction_streaming_flink\target\test-classes;D:\fiqih-cobs\work\main\hacketon-fraud\transaction_streaming_flink\target\classes;C:\Users\23020237\.m2\repository\junit\junit\3.8.1\junit-3.8.1.jar;C:\Users\23020237\.m2\repository\org\apache\flink\flink-streaming-java\1.19.0\flink-streaming-java-1.19.0.jar;C:\Users\23020237\.m2\repository\org\apache\flink\flink-core\1.19.0\flink-core-1.19.0.jar;C:\Users\23020237\.m2\repository\org\apache\flink\flink-annotations\1.19.0\flink-annotations-1.19.0.jar;C:\Users\23020237\.m2\repository\org\apache\flink\flink-metrics-core\1.19.0\flink-metrics-core-1.19.0.jar;C:\Users\23020237\.m2\repository\org\apache\flink\flink-shaded-asm-9\9.5-17.0\flink-shaded-asm-9-9.5-17.0.jar;C:\Users\23020237\.m2\repository\org\apache\flink\flink-shaded-jackson\2.14.2-17.0\flink-shaded-jackson-2.14.2-17.0.jar;C:\Users\23020237\.m2\repository\org\apache\commons\commons-lang3\3.12.0\commons-lang3-3.12.0.jar;C:\Users\23020237\.m2\repository\org\snakeyaml\snakeyaml-engine\2.6\snakeyaml-engine-2.6.jar;C:\Users\23020237\.m2\repository\org\apache\commons\commons-text\1.10.0\commons-text-1.10.0.jar;C:\Users\23020237\.m2\repository\com\esotericsoftware\kryo\kryo\2.24.0\kryo-2.24.0.jar;C:\Users\23020237\.m2\repository\com\esotericsoftware\minlog\minlog\1.2\minlog-1.2.jar;C:\Users\23020237\.m2\repository\org\objenesis\objenesis\2.1\objenesis-2.1.jar;C:\Users\23020237\.m2\repository\commons-collections\commons-collections\3.2.2\commons-collections-3.2.2.jar;C:\Users\23020237\.m2\repository\org\apache\commons\commons-compress\1.24.0\commons-compress-1.24.0.jar;C:\Users\23020237\.m2\repository\org\apache\flink\flink-file-sink-common\1.19.0\flink-file-sink-common-1.19.0.jar;C:\Users\23020237\.m2\repository\org\apache\flink\flink-runtime\1.19.0\flink-runtime-1.19.0.jar;C:\Users\23020237\.m2\repository\org\apache\flink\flink-rpc-core\1.19.0\flink-rpc-core-1.19.0.jar;C:\Users\23020237\.m2\repository\org\apache\flink\flink-rpc-akka-loader\1.19.0\flink-rpc-akka-loader-1.19.0.jar;C:\Users\23020237\.m2\repository\org\apache\flink\flink-queryable-state-client-java\1.19.0\flink-queryable-state-client-java-1.19.0.jar;C:\Users\23020237\.m2\repository\org\apache\flink\flink-hadoop-fs\1.19.0\flink-hadoop-fs-1.19.0.jar;C:\Users\23020237\.m2\repository\commons-io\commons-io\2.11.0\commons-io-2.11.0.jar;C:\Users\23020237\.m2\repository\org\apache\flink\flink-shaded-netty\4.1.91.Final-17.0\flink-shaded-netty-4.1.91.Final-17.0.jar;C:\Users\23020237\.m2\repository\org\apache\flink\flink-shaded-zookeeper-3\3.7.1-17.0\flink-shaded-zookeeper-3-3.7.1-17.0.jar;C:\Users\23020237\.m2\repository\commons-cli\commons-cli\1.5.0\commons-cli-1.5.0.jar;C:\Users\23020237\.m2\repository\org\javassist\javassist\3.24.0-GA\javassist-3.24.0-GA.jar;C:\Users\23020237\.m2\repository\org\xerial\snappy\snappy-java\1.1.10.4\snappy-java-1.1.10.4.jar;C:\Users\23020237\.m2\repository\tools\profiler\async-profiler\2.9\async-profiler-2.9.jar;C:\Users\23020237\.m2\repository\org\lz4\lz4-java\1.8.0\lz4-java-1.8.0.jar;C:\Users\23020237\.m2\repository\org\apache\flink\flink-java\1.19.0\flink-java-1.19.0.jar;C:\Users\23020237\.m2\repository\com\twitter\chill-java\0.7.6\chill-java-0.7.6.jar;C:\Users\23020237\.m2\repository\org\apache\flink\flink-shaded-guava\31.1-jre-17.0\flink-shaded-guava-31.1-jre-17.0.jar;C:\Users\23020237\.m2\repository\org\apache\commons\commons-math3\3.6.1\commons-math3-3.6.1.jar;C:\Users\23020237\.m2\repository\org\apache\flink\flink-connector-datagen\1.19.0\flink-connector-datagen-1.19.0.jar;C:\Users\23020237\.m2\repository\com\google\code\findbugs\jsr305\1.3.9\jsr305-1.3.9.jar;C:\Users\23020237\.m2\repository\org\apache\flink\flink-connector-kafka\3.3.0-1.20\flink-connector-kafka-3.3.0-1.20.jar;C:\Users\23020237\.m2\repository\org\apache\kafka\kafka-clients\3.4.0\kafka-clients-3.4.0.jar;C:\Users\23020237\.m2\repository\com\github\luben\zstd-jni\1.5.2-1\zstd-jni-1.5.2-1.jar;C:\Users\23020237\.m2\repository\com\google\guava\guava\32.1.2-jre\guava-32.1.2-jre.jar;C:\Users\23020237\.m2\repository\com\google\guava\failureaccess\1.0.1\failureaccess-1.0.1.jar;C:\Users\23020237\.m2\repository\com\google\guava\listenablefuture\9999.0-empty-to-avoid-conflict-with-guava\listenablefuture-9999.0-empty-to-avoid-conflict-with-guava.jar;C:\Users\23020237\.m2\repository\org\checkerframework\checker-qual\3.33.0\checker-qual-3.33.0.jar;C:\Users\23020237\.m2\repository\com\google\errorprone\error_prone_annotations\2.18.0\error_prone_annotations-2.18.0.jar;C:\Users\23020237\.m2\repository\com\google\j2objc\j2objc-annotations\2.8\j2objc-annotations-2.8.jar;C:\Users\23020237\.m2\repository\com\fasterxml\jackson\core\jackson-core\2.15.2\jackson-core-2.15.2.jar;C:\Users\23020237\.m2\repository\com\fasterxml\jackson\datatype\jackson-datatype-jsr310\2.15.2\jackson-datatype-jsr310-2.15.2.jar;C:\Users\23020237\.m2\repository\com\fasterxml\jackson\datatype\jackson-datatype-jdk8\2.15.2\jackson-datatype-jdk8-2.15.2.jar;C:\Users\23020237\.m2\repository\com\fasterxml\jackson\core\jackson-databind\2.15.0\jackson-databind-2.15.0.jar;C:\Users\23020237\.m2\repository\com\fasterxml\jackson\core\jackson-annotations\2.15.0\jackson-annotations-2.15.0.jar;C:\Users\23020237\.m2\repository\org\projectlombok\lombok\1.18.28\lombok-1.18.28.jar;C:\Users\23020237\.m2\repository\org\slf4j\slf4j-api\2.0.7\slf4j-api-2.0.7.jar;C:\Users\23020237\.m2\repository\ch\qos\logback\logback-classic\1.4.11\logback-classic-1.4.11.jar;C:\Users\23020237\.m2\repository\ch\qos\logback\logback-core\1.4.11\logback-core-1.4.11.jar;"/>
    <property name="sun.cpu.endian" value="little"/>
    <property name="user.home" value="C:\Users\23020237"/>
    <property name="user.language" value="en"/>
    <property name="java.specification.vendor" value="Oracle Corporation"/>
    <property name="java.version.date" value="2024-07-16"/>
    <property name="java.home" value="C:\Program Files\Java\jdk-17"/>
    <property name="file.separator" value="\"/>
    <property name="basedir" value="D:\fiqih-cobs\work\main\hacketon-fraud\transaction_streaming_flink"/>
    <property name="java.vm.compressedOopsMode" value="Zero based"/>
    <property name="line.separator" value="&#10;"/>
    <property name="java.vm.specification.vendor" value="Oracle Corporation"/>
    <property name="java.specification.name" value="Java Platform API Specification"/>
    <property name="surefire.real.class.path" value="C:\Users\23020237\AppData\Local\Temp\surefire4583772566840138904\surefirebooter-20250706123753812_3.jar"/>
    <property name="user.script" value=""/>
    <property name="sun.management.compiler" value="HotSpot 64-Bit Tiered Compilers"/>
    <property name="java.runtime.version" value="17.0.12+8-LTS-286"/>
    <property name="user.name" value="23020237"/>
    <property name="path.separator" value=";"/>
    <property name="os.version" value="10.0"/>
    <property name="java.runtime.name" value="Java(TM) SE Runtime Environment"/>
    <property name="file.encoding" value="Cp1252"/>
    <property name="java.vm.name" value="Java HotSpot(TM) 64-Bit Server VM"/>
    <property name="localRepository" value="C:\Users\23020237\.m2\repository"/>
    <property name="java.vendor.url.bug" value="https://bugreport.java.com/bugreport/"/>
    <property name="java.io.tmpdir" value="C:\Users\23020237\AppData\Local\Temp\"/>
    <property name="java.version" value="17.0.12"/>
    <property name="user.dir" value="D:\fiqih-cobs\work\main\hacketon-fraud\transaction_streaming_flink"/>
    <property name="os.arch" value="amd64"/>
    <property name="java.vm.specification.name" value="Java Virtual Machine Specification"/>
    <property name="sun.os.patch.level" value=""/>
    <property name="native.encoding" value="Cp1252"/>
    <property name="java.library.path" value="C:\Program Files\Java\jdk-17\bin;C:\WINDOWS\Sun\Java\bin;C:\WINDOWS\system32;C:\WINDOWS;C:\Users\23020237\AppData\Local\miniconda3\condabin;C:\Program Files\Common Files\Oracle\Java\javapath;C:\Program Files\NVIDIA GPU Computing Toolkit\CUDA\v12.4\bin;C:\Program Files\NVIDIA GPU Computing Toolkit\CUDA\v12.4\libnvvp;C:\Program Files\NVIDIA GPU Computing Toolkit\CUDA\v12.1\bin;C:\Program Files\NVIDIA GPU Computing Toolkit\CUDA\v12.1\libnvvp;C:\Windows\system32;C:\Windows;C:\Windows\System32\Wbem;C:\Windows\System32\WindowsPowerShell\v1.0\;C:\Windows\System32\OpenSSH\;C:\Program Files (x86)\NVIDIA Corporation\PhysX\Common;C:\Program Files\dotnet\;C:\Program Files (x86)\IBM\Client Access\Emulator;C:\Program Files (x86)\IBM\Client Access\Shared;C:\Program Files (x86)\IBM\Client Access\;C:\Program Files\NVIDIA Corporation\NVIDIA NvDLISR;C:\Program Files (x86)\Microsoft SQL Server\160\DTS\Binn\;C:\Program Files\Microsoft SQL Server\Client SDK\ODBC\130\Tools\Binn\;C:\Program Files (x86)\Microsoft SQL Server\140\Tools\Binn\;C:\Program Files\Microsoft SQL Server\140\Tools\Binn\;C:\Program Files\Microsoft SQL Server\140\DTS\Binn\;C:\Program Files\Git\cmd;C:\Users\23020237\AppData\Roaming\nvm;C:\Program Files\nodejs;C:\Program Files\NVIDIA Corporation\Nsight Compute 2024.1.0\;C:\WINDOWS\system32;C:\WINDOWS;C:\WINDOWS\System32\Wbem;C:\WINDOWS\System32\WindowsPowerShell\v1.0\;C:\WINDOWS\System32\OpenSSH\;C:\Program Files\Docker\Docker\resources\bin;C:\Users\23020237\.cargo\bin;C:\Users\23020237\AppData\Local\miniconda3;C:\Users\23020237\AppData\Local\miniconda3\Library\mingw-w64\bin;C:\Users\23020237\AppData\Local\miniconda3\Library\usr\bin;C:\Users\23020237\AppData\Local\miniconda3\Library\bin;C:\Users\23020237\AppData\Local\miniconda3\Scripts;C:\Users\23020237\AppData\Local\Microsoft\WindowsApps;C:\Users\23020237\AppData\Local\Programs\Git LFS;C:\Users\23020237\AppData\Roaming\npm;C:\RunHiddenConsole\;C:\nginx;C:\Users\23020237\AppData\Local\Programs\oh-my-posh\bin;C:\php;C:\Users\23020237\AppData\Roaming\nvm;C:\Program Files\nodejs;C:\ProgramData\23020237\GitHubDesktop\bin;C:\Users\23020237\AppData\Local\GitHubDesktop\bin;C:\Users\23020237\AppData\Local\Microsoft\WinGet\Packages\astral-sh.uv_Microsoft.Winget.Source_8wekyb3d8bbwe;C:\Users\23020237\AppData\Local\Programs\Ollama;C:\Users\23020237\AppData\Local\Programs\Windsurf\bin;C:\Program Files\PostgreSQL\16\bin;C:\Program Files\Java\jdk-17\bin;C:\apache-maven-3.9.10\bin;;c:\Users\23020237\.windsurf\extensions\ms-python.debugpy-2025.6.0-win32-x64\bundled\scripts\noConfigScripts;."/>
    <property name="java.vm.info" value="mixed mode, sharing"/>
    <property name="java.vendor" value="Oracle Corporation"/>
    <property name="java.vm.version" value="17.0.12+8-LTS-286"/>
    <property name="sun.io.unicode.encoding" value="UnicodeLittle"/>
    <property name="java.class.version" value="61.0"/>
  </properties>
  <testcase name="testApp" classname="com.fraud_detection.flink.AppTest" time="0.003"/>
</testsuite>